<?xml version="1.0" encoding="UTF-8"?>
<testng-results skipped="0" failed="0" ignored="0" total="1" passed="1">
  <reporter-output>
  </reporter-output>
  <suite name="Default suite" duration-ms="10736" started-at="2019-12-09T16:38:34Z" finished-at="2019-12-09T16:38:45Z">
    <groups>
    </groups>
    <test name="Default test" duration-ms="10736" started-at="2019-12-09T16:38:34Z" finished-at="2019-12-09T16:38:45Z">
      <class name="com.cyclos.testcases.Tc_login_001">
        <test-method status="PASS" signature="setup()[pri:0, instance:com.cyclos.testcases.Tc_login_001@1a968a59]" name="setup" is-config="true" duration-ms="3588" started-at="2019-12-09T16:38:34Z" finished-at="2019-12-09T16:38:37Z">
          <reporter-output>
          </reporter-output>
        </test-method> <!-- setup -->
        <test-method status="PASS" signature="logintest()[pri:0, instance:com.cyclos.testcases.Tc_login_001@1a968a59]" name="logintest" duration-ms="6453" started-at="2019-12-09T16:38:38Z" finished-at="2019-12-09T16:38:44Z">
          <reporter-output>
          </reporter-output>
        </test-method> <!-- logintest -->
        <test-method status="PASS" signature="teardown()[pri:0, instance:com.cyclos.testcases.Tc_login_001@1a968a59]" name="teardown" is-config="true" duration-ms="664" started-at="2019-12-09T16:38:44Z" finished-at="2019-12-09T16:38:45Z">
          <reporter-output>
          </reporter-output>
        </test-method> <!-- teardown -->
      </class> <!-- com.cyclos.testcases.Tc_login_001 -->
    </test> <!-- Default test -->
  </suite> <!-- Default suite -->
</testng-results>
